Using pre-set license
Built from '2021.3/staging' branch; Version is '2021.3.6f1 (7da38d85baf6) revision 8233869'; Using compiler version '192829333'; Build Type 'Release'
OS: 'Windows 11  (10.0.22000) 64bit CoreSingleLanguage' Language: 'pt' Physical Memory: 7549 MB
BatchMode: 1, IsHumanControllingUs: 0, StartBugReporterOnCrash: 0, Is64bit: 1, IsPro: 1

COMMAND LINE ARGUMENTS:
C:\Program Files\Unity\Hub\Editor\2021.3.6f1\Editor\Unity.exe
-adb2
-batchMode
-noUpm
-name
AssetImportWorker0
-projectPath
C:/Users/junio/OneDrive/Documentos/projetos/unity-3d-sci-fi
-logFile
Logs/AssetImportWorker0.log
-srvPort
52015
Successfully changed project path to: C:/Users/junio/OneDrive/Documentos/projetos/unity-3d-sci-fi
C:/Users/junio/OneDrive/Documentos/projetos/unity-3d-sci-fi
[UnityMemory] Configuration Parameters - Can be set up in boot.config
    "memorysetup-bucket-allocator-granularity=16"
    "memorysetup-bucket-allocator-bucket-count=8"
    "memorysetup-bucket-allocator-block-size=33554432"
    "memorysetup-bucket-allocator-block-count=8"
    "memorysetup-main-allocator-block-size=16777216"
    "memorysetup-thread-allocator-block-size=16777216"
    "memorysetup-gfx-main-allocator-block-size=16777216"
    "memorysetup-gfx-thread-allocator-block-size=16777216"
    "memorysetup-cache-allocator-block-size=4194304"
    "memorysetup-typetree-allocator-block-size=2097152"
    "memorysetup-profiler-bucket-allocator-granularity=16"
    "memorysetup-profiler-bucket-allocator-bucket-count=8"
    "memorysetup-profiler-bucket-allocator-block-size=33554432"
    "memorysetup-profiler-bucket-allocator-block-count=8"
    "memorysetup-profiler-allocator-block-size=16777216"
    "memorysetup-profiler-editor-allocator-block-size=1048576"
    "memorysetup-temp-allocator-size-main=16777216"
    "memorysetup-job-temp-allocator-block-size=2097152"
    "memorysetup-job-temp-allocator-block-size-background=1048576"
    "memorysetup-job-temp-allocator-reduction-small-platforms=262144"
    "memorysetup-temp-allocator-size-background-worker=32768"
    "memorysetup-temp-allocator-size-job-worker=262144"
    "memorysetup-temp-allocator-size-preload-manager=33554432"
    "memorysetup-temp-allocator-size-nav-mesh-worker=65536"
    "memorysetup-temp-allocator-size-audio-worker=65536"
    "memorysetup-temp-allocator-size-cloud-worker=32768"
    "memorysetup-temp-allocator-size-gi-baking-worker=262144"
    "memorysetup-temp-allocator-size-gfx=262144"
Refreshing native plugins compatible for Editor in 99.50 ms, found 3 plugins.
Preloading 0 native plugins for Editor in 0.00 ms.
Initialize engine version: 2021.3.6f1 (7da38d85baf6)
[Subsystems] Discovering subsystems at path C:/Program Files/Unity/Hub/Editor/2021.3.6f1/Editor/Data/Resources/UnitySubsystems
[Subsystems] Discovering subsystems at path C:/Users/junio/OneDrive/Documentos/projetos/unity-3d-sci-fi/Assets
GfxDevice: creating device client; threaded=0; jobified=0
Direct3D:
    Version:  Direct3D 11.0 [level 11.1]
    Renderer: NVIDIA GeForce GTX 1650 (ID=0x1f99)
    Vendor:   NVIDIA
    VRAM:     3962 MB
    Driver:   27.21.14.5167
Initialize mono
Mono path[0] = 'C:/Program Files/Unity/Hub/Editor/2021.3.6f1/Editor/Data/Managed'
Mono path[1] = 'C:/Program Files/Unity/Hub/Editor/2021.3.6f1/Editor/Data/MonoBleedingEdge/lib/mono/unityjit-win32'
Mono config path = 'C:/Program Files/Unity/Hub/Editor/2021.3.6f1/Editor/Data/MonoBleedingEdge/etc'
Using monoOptions --debugger-agent=transport=dt_socket,embedding=1,server=y,suspend=n,address=127.0.0.1:56852
Begin MonoManager ReloadAssembly
Registering precompiled unity dll's ...
Register platform support module: C:/Program Files/Unity/Hub/Editor/2021.3.6f1/Editor/Data/PlaybackEngines/WebGLSupport/UnityEditor.WebGL.Extensions.dll
Register platform support module: C:/Program Files/Unity/Hub/Editor/2021.3.6f1/Editor/Data/PlaybackEngines/WindowsStandaloneSupport/UnityEditor.WindowsStandalone.Extensions.dll
Registered in 0.007426 seconds.
Native extension for WindowsStandalone target not found
Native extension for WebGL target not found
Refreshing native plugins compatible for Editor in 86.49 ms, found 3 plugins.
Preloading 0 native plugins for Editor in 0.00 ms.
Mono: successfully reloaded assembly
- Completed reload, in  0.648 seconds
Domain Reload Profiling:
	ReloadAssembly (648ms)
		BeginReloadAssembly (121ms)
			ExecutionOrderSort (0ms)
			DisableScriptedObjects (0ms)
			BackupInstance (0ms)
			ReleaseScriptingObjects (0ms)
			CreateAndSetChildDomain (1ms)
		EndReloadAssembly (424ms)
			LoadAssemblies (118ms)
			RebuildTransferFunctionScriptingTraits (0ms)
			SetupTypeCache (96ms)
			ReleaseScriptCaches (0ms)
			RebuildScriptCaches (27ms)
			SetupLoadedEditorAssemblies (252ms)
				LogAssemblyErrors (0ms)
				InitializePlatformSupportModulesInManaged (10ms)
				SetLoadedEditorAssemblies (0ms)
				RefreshPlugins (87ms)
				BeforeProcessingInitializeOnLoad (1ms)
				ProcessInitializeOnLoadAttributes (113ms)
				ProcessInitializeOnLoadMethodAttributes (41ms)
				AfterProcessingInitializeOnLoad (0ms)
				EditorAssembliesLoaded (0ms)
			ExecutionOrderSort2 (0ms)
			AwakeInstancesAfterBackupRestoration (0ms)
Platform modules already initialized, skipping
Registering precompiled user dll's ...
Registered in 0.007030 seconds.
Begin MonoManager ReloadAssembly
Symbol file LoadedFromMemory doesn't match image C:\Users\junio\OneDrive\Documentos\projetos\unity-3d-sci-fi\Library\PackageCache\com.unity.visualscripting@1.7.8\Editor\VisualScripting.Core\Dependencies\YamlDotNet\Unity.VisualScripting.YamlDotNet.dll
Symbol file LoadedFromMemory doesn't match image C:\Users\junio\OneDrive\Documentos\projetos\unity-3d-sci-fi\Library\PackageCache\com.unity.visualscripting@1.7.8\Editor\VisualScripting.Core\Dependencies\DotNetZip\Unity.VisualScripting.IonicZip.dll
Native extension for WindowsStandalone target not found
Native extension for WebGL target not found
Refreshing native plugins compatible for Editor in 0.85 ms, found 3 plugins.
Preloading 0 native plugins for Editor in 0.00 ms.
Mono: successfully reloaded assembly
- Completed reload, in  1.169 seconds
Domain Reload Profiling:
	ReloadAssembly (1170ms)
		BeginReloadAssembly (139ms)
			ExecutionOrderSort (0ms)
			DisableScriptedObjects (5ms)
			BackupInstance (0ms)
			ReleaseScriptingObjects (0ms)
			CreateAndSetChildDomain (22ms)
		EndReloadAssembly (894ms)
			LoadAssemblies (210ms)
			RebuildTransferFunctionScriptingTraits (0ms)
			SetupTypeCache (266ms)
			ReleaseScriptCaches (1ms)
			RebuildScriptCaches (48ms)
			SetupLoadedEditorAssemblies (366ms)
				LogAssemblyErrors (0ms)
				InitializePlatformSupportModulesInManaged (7ms)
				SetLoadedEditorAssemblies (0ms)
				RefreshPlugins (1ms)
				BeforeProcessingInitializeOnLoad (85ms)
				ProcessInitializeOnLoadAttributes (238ms)
				ProcessInitializeOnLoadMethodAttributes (28ms)
				AfterProcessingInitializeOnLoad (6ms)
				EditorAssembliesLoaded (0ms)
			ExecutionOrderSort2 (0ms)
			AwakeInstancesAfterBackupRestoration (5ms)
Platform modules already initialized, skipping
========================================================================
Worker process is ready to serve import requests
Launched and connected shader compiler UnityShaderCompiler.exe after 0.09 seconds
Refreshing native plugins compatible for Editor in 0.77 ms, found 3 plugins.
Preloading 0 native plugins for Editor in 0.00 ms.
Unloading 3431 Unused Serialized files (Serialized files now loaded: 0)
Unloading 27 unused Assets / (111.3 KB). Loaded Objects now: 3893.
Memory consumption went from 121.4 MB to 121.3 MB.
Total: 4.042700 ms (FindLiveObjects: 0.510900 ms CreateObjectMapping: 0.129300 ms MarkObjects: 3.225600 ms  DeleteObjects: 0.174300 ms)

AssetImportParameters requested are different than current active one (requested -> active):
  custom:video-decoder-ogg-theora: a1e56fd34408186e4bbccfd4996cb3dc -> 
  custom:container-muxer-webm: aa71ff27fc2769a1b78a27578f13a17b -> 
  custom:container-demuxer-webm: 4f35f7cbe854078d1ac9338744f61a02 -> 
  custom:video-encoder-webm-vp8: eb34c28f22e8b96e1ab97ce403110664 -> 
  custom:audio-encoder-webm-vorbis: bf7c407c2cedff20999df2af8eb42d56 -> 
  custom:framework-win-MediaFoundation: 216162199b28c13a410421893ffa2e32 -> 
  custom:container-demuxer-ogg: 62fdf1f143b41e24485cea50d1cbac27 -> 
  custom:video-decoder-webm-vp8: 9c59270c3fd7afecdb556c50c9e8de78 -> 
  custom:audio-decoder-ogg-vorbis: bf7c407c2cedff20999df2af8eb42d56 -> 
========================================================================
Received Import Request.
  Time since last request: 219279.091481 seconds.
  path: Assets/Game/Level_Dont_Touch/Environment_Model/Materials/Market/MarketFloorTileSand.mat
  artifactKey: Guid(3a48947a76978074795eb630980e7e56) Importer(815301076,1909f56bfc062723c751e8b465ee728b)
Start importing Assets/Game/Level_Dont_Touch/Environment_Model/Materials/Market/MarketFloorTileSand.mat using Guid(3a48947a76978074795eb630980e7e56) Importer(815301076,1909f56bfc062723c751e8b465ee728b)  -> (artifact id: '8d6bc2670c4456493227642810146443') in 0.203857 seconds 
========================================================================
Received Import Request.
  Time since last request: 0.000041 seconds.
  path: Assets/Game/Level_Dont_Touch/Environment_Model/Animations/Player/Idle.fbx
  artifactKey: Guid(c61460273d36d0b4e936b68977241e58) Importer(815301076,1909f56bfc062723c751e8b465ee728b)
Start importing Assets/Game/Level_Dont_Touch/Environment_Model/Animations/Player/Idle.fbx using Guid(c61460273d36d0b4e936b68977241e58) Importer(815301076,1909f56bfc062723c751e8b465ee728b)  -> (artifact id: '690f83e8893324df830d374b7a7af758') in 0.139006 seconds 
========================================================================
Received Import Request.
  Time since last request: 0.000066 seconds.
  path: Assets/Game/Level_Dont_Touch/Environment_Model/Textures/Environment/SecurityRoom/SecurityRoomFloorAlbedo.tif
  artifactKey: Guid(1bcc788d0e1020646bd703ed8ecdd29d) Importer(815301076,1909f56bfc062723c751e8b465ee728b)
Start importing Assets/Game/Level_Dont_Touch/Environment_Model/Textures/Environment/SecurityRoom/SecurityRoomFloorAlbedo.tif using Guid(1bcc788d0e1020646bd703ed8ecdd29d) Importer(815301076,1909f56bfc062723c751e8b465ee728b)  -> (artifact id: '0c678dfeca6118638741e5e0d2a8b008') in 0.042113 seconds 
========================================================================
Received Import Request.
  Time since last request: 0.000048 seconds.
  path: Assets/Game/Level_Dont_Touch/Environment_Model/Models/Materials/SecurityRoom_Floor.mat
  artifactKey: Guid(d66f730824bd0e74ab7e23ef6feaf084) Importer(815301076,1909f56bfc062723c751e8b465ee728b)
Start importing Assets/Game/Level_Dont_Touch/Environment_Model/Models/Materials/SecurityRoom_Floor.mat using Guid(d66f730824bd0e74ab7e23ef6feaf084) Importer(815301076,1909f56bfc062723c751e8b465ee728b)  -> (artifact id: 'bd7c65d5ed6b05453b7cf1b5134ecb5e') in 0.028840 seconds 
========================================================================
Received Import Request.
  Time since last request: 0.000065 seconds.
  path: Assets/Game/Level_Dont_Touch/Environment_Model/Sci-Fi Weapons/Base Pack/Rifle/Rifle.fbx
  artifactKey: Guid(1dc2a27ad3a63d24bad7f1c6d159013e) Importer(815301076,1909f56bfc062723c751e8b465ee728b)
Start importing Assets/Game/Level_Dont_Touch/Environment_Model/Sci-Fi Weapons/Base Pack/Rifle/Rifle.fbx using Guid(1dc2a27ad3a63d24bad7f1c6d159013e) Importer(815301076,1909f56bfc062723c751e8b465ee728b)  -> (artifact id: 'bb21457061c90bed6ada5513e531a590') in 0.202098 seconds 
========================================================================
Received Import Request.
  Time since last request: 0.000042 seconds.
  path: Assets/Game/Level_Dont_Touch/Environment_Model/Effects/hit_marker_particle/Textures/ParticleFlamesSheet.png
  artifactKey: Guid(4e505ad81f5b19c4cb6f445d36463955) Importer(815301076,1909f56bfc062723c751e8b465ee728b)
Start importing Assets/Game/Level_Dont_Touch/Environment_Model/Effects/hit_marker_particle/Textures/ParticleFlamesSheet.png using Guid(4e505ad81f5b19c4cb6f445d36463955) Importer(815301076,1909f56bfc062723c751e8b465ee728b)  -> (artifact id: '7a945d7a4233267e08a44404d242ed30') in 0.049549 seconds 
========================================================================
Received Import Request.
  Time since last request: 0.000063 seconds.
  path: Assets/Game/Level_Dont_Touch/Environment_Model/Models/MarketEnvironment.FBX
  artifactKey: Guid(ae23c9eafd0c4d84690e5f3bddaf54e8) Importer(815301076,1909f56bfc062723c751e8b465ee728b)
Start importing Assets/Game/Level_Dont_Touch/Environment_Model/Models/MarketEnvironment.FBX using Guid(ae23c9eafd0c4d84690e5f3bddaf54e8) Importer(815301076,1909f56bfc062723c751e8b465ee728b)  -> (artifact id: '1adc0f0bf5f832b96c816978d73f2383') in 0.777419 seconds 
========================================================================
Received Import Request.
  Time since last request: 240.018566 seconds.
  path: Assets/Game/Level_Dont_Touch/Environment_Model/Materials/Market/MarketFloorTileSand.mat
  artifactKey: Guid(3a48947a76978074795eb630980e7e56) Importer(815301076,1909f56bfc062723c751e8b465ee728b)
Start importing Assets/Game/Level_Dont_Touch/Environment_Model/Materials/Market/MarketFloorTileSand.mat using Guid(3a48947a76978074795eb630980e7e56) Importer(815301076,1909f56bfc062723c751e8b465ee728b)  -> (artifact id: '5227b02b095a4f1f323004d42e846cf7') in 0.091986 seconds 
