Using pre-set license
Built from '2021.3/staging' branch; Version is '2021.3.6f1 (7da38d85baf6) revision 8233869'; Using compiler version '192829333'; Build Type 'Release'
OS: 'Windows 11  (10.0.22000) 64bit CoreSingleLanguage' Language: 'pt' Physical Memory: 7549 MB
BatchMode: 1, IsHumanControllingUs: 0, StartBugReporterOnCrash: 0, Is64bit: 1, IsPro: 1

COMMAND LINE ARGUMENTS:
C:\Program Files\Unity\Hub\Editor\2021.3.6f1\Editor\Unity.exe
-adb2
-batchMode
-noUpm
-name
AssetImportWorker3
-projectPath
C:/Users/junio/OneDrive/Documentos/projetos/unity-3d-sci-fi
-logFile
Logs/AssetImportWorker3.log
-srvPort
52015
Successfully changed project path to: C:/Users/junio/OneDrive/Documentos/projetos/unity-3d-sci-fi
C:/Users/junio/OneDrive/Documentos/projetos/unity-3d-sci-fi
[UnityMemory] Configuration Parameters - Can be set up in boot.config
    "memorysetup-bucket-allocator-granularity=16"
    "memorysetup-bucket-allocator-bucket-count=8"
    "memorysetup-bucket-allocator-block-size=33554432"
    "memorysetup-bucket-allocator-block-count=8"
    "memorysetup-main-allocator-block-size=16777216"
    "memorysetup-thread-allocator-block-size=16777216"
    "memorysetup-gfx-main-allocator-block-size=16777216"
    "memorysetup-gfx-thread-allocator-block-size=16777216"
    "memorysetup-cache-allocator-block-size=4194304"
    "memorysetup-typetree-allocator-block-size=2097152"
    "memorysetup-profiler-bucket-allocator-granularity=16"
    "memorysetup-profiler-bucket-allocator-bucket-count=8"
    "memorysetup-profiler-bucket-allocator-block-size=33554432"
    "memorysetup-profiler-bucket-allocator-block-count=8"
    "memorysetup-profiler-allocator-block-size=16777216"
    "memorysetup-profiler-editor-allocator-block-size=1048576"
    "memorysetup-temp-allocator-size-main=16777216"
    "memorysetup-job-temp-allocator-block-size=2097152"
    "memorysetup-job-temp-allocator-block-size-background=1048576"
    "memorysetup-job-temp-allocator-reduction-small-platforms=262144"
    "memorysetup-temp-allocator-size-background-worker=32768"
    "memorysetup-temp-allocator-size-job-worker=262144"
    "memorysetup-temp-allocator-size-preload-manager=33554432"
    "memorysetup-temp-allocator-size-nav-mesh-worker=65536"
    "memorysetup-temp-allocator-size-audio-worker=65536"
    "memorysetup-temp-allocator-size-cloud-worker=32768"
    "memorysetup-temp-allocator-size-gi-baking-worker=262144"
    "memorysetup-temp-allocator-size-gfx=262144"
Refreshing native plugins compatible for Editor in 90.89 ms, found 3 plugins.
Preloading 0 native plugins for Editor in 0.00 ms.
Initialize engine version: 2021.3.6f1 (7da38d85baf6)
[Subsystems] Discovering subsystems at path C:/Program Files/Unity/Hub/Editor/2021.3.6f1/Editor/Data/Resources/UnitySubsystems
[Subsystems] Discovering subsystems at path C:/Users/junio/OneDrive/Documentos/projetos/unity-3d-sci-fi/Assets
GfxDevice: creating device client; threaded=0; jobified=0
Direct3D:
    Version:  Direct3D 11.0 [level 11.1]
    Renderer: NVIDIA GeForce GTX 1650 (ID=0x1f99)
    Vendor:   NVIDIA
    VRAM:     3962 MB
    Driver:   27.21.14.5167
Initialize mono
Mono path[0] = 'C:/Program Files/Unity/Hub/Editor/2021.3.6f1/Editor/Data/Managed'
Mono path[1] = 'C:/Program Files/Unity/Hub/Editor/2021.3.6f1/Editor/Data/MonoBleedingEdge/lib/mono/unityjit-win32'
Mono config path = 'C:/Program Files/Unity/Hub/Editor/2021.3.6f1/Editor/Data/MonoBleedingEdge/etc'
Using monoOptions --debugger-agent=transport=dt_socket,embedding=1,server=y,suspend=n,address=127.0.0.1:56480
Begin MonoManager ReloadAssembly
Registering precompiled unity dll's ...
Register platform support module: C:/Program Files/Unity/Hub/Editor/2021.3.6f1/Editor/Data/PlaybackEngines/WebGLSupport/UnityEditor.WebGL.Extensions.dll
Register platform support module: C:/Program Files/Unity/Hub/Editor/2021.3.6f1/Editor/Data/PlaybackEngines/WindowsStandaloneSupport/UnityEditor.WindowsStandalone.Extensions.dll
Registered in 0.006711 seconds.
Native extension for WindowsStandalone target not found
Native extension for WebGL target not found
Refreshing native plugins compatible for Editor in 87.90 ms, found 3 plugins.
Preloading 0 native plugins for Editor in 0.00 ms.
Mono: successfully reloaded assembly
- Completed reload, in  0.684 seconds
Domain Reload Profiling:
	ReloadAssembly (684ms)
		BeginReloadAssembly (122ms)
			ExecutionOrderSort (0ms)
			DisableScriptedObjects (0ms)
			BackupInstance (0ms)
			ReleaseScriptingObjects (0ms)
			CreateAndSetChildDomain (1ms)
		EndReloadAssembly (452ms)
			LoadAssemblies (120ms)
			RebuildTransferFunctionScriptingTraits (0ms)
			SetupTypeCache (103ms)
			ReleaseScriptCaches (0ms)
			RebuildScriptCaches (33ms)
			SetupLoadedEditorAssemblies (265ms)
				LogAssemblyErrors (0ms)
				InitializePlatformSupportModulesInManaged (9ms)
				SetLoadedEditorAssemblies (0ms)
				RefreshPlugins (88ms)
				BeforeProcessingInitializeOnLoad (1ms)
				ProcessInitializeOnLoadAttributes (120ms)
				ProcessInitializeOnLoadMethodAttributes (46ms)
				AfterProcessingInitializeOnLoad (0ms)
				EditorAssembliesLoaded (0ms)
			ExecutionOrderSort2 (0ms)
			AwakeInstancesAfterBackupRestoration (0ms)
Platform modules already initialized, skipping
Registering precompiled user dll's ...
Registered in 0.007850 seconds.
Begin MonoManager ReloadAssembly
Symbol file LoadedFromMemory doesn't match image C:\Users\junio\OneDrive\Documentos\projetos\unity-3d-sci-fi\Library\PackageCache\com.unity.visualscripting@1.7.8\Editor\VisualScripting.Core\Dependencies\YamlDotNet\Unity.VisualScripting.YamlDotNet.dll
Symbol file LoadedFromMemory doesn't match image C:\Users\junio\OneDrive\Documentos\projetos\unity-3d-sci-fi\Library\PackageCache\com.unity.visualscripting@1.7.8\Editor\VisualScripting.Core\Dependencies\DotNetZip\Unity.VisualScripting.IonicZip.dll
Native extension for WindowsStandalone target not found
Native extension for WebGL target not found
Refreshing native plugins compatible for Editor in 0.72 ms, found 3 plugins.
Preloading 0 native plugins for Editor in 0.00 ms.
Mono: successfully reloaded assembly
- Completed reload, in  1.199 seconds
Domain Reload Profiling:
	ReloadAssembly (1200ms)
		BeginReloadAssembly (146ms)
			ExecutionOrderSort (0ms)
			DisableScriptedObjects (5ms)
			BackupInstance (0ms)
			ReleaseScriptingObjects (0ms)
			CreateAndSetChildDomain (23ms)
		EndReloadAssembly (921ms)
			LoadAssemblies (215ms)
			RebuildTransferFunctionScriptingTraits (0ms)
			SetupTypeCache (268ms)
			ReleaseScriptCaches (1ms)
			RebuildScriptCaches (54ms)
			SetupLoadedEditorAssemblies (376ms)
				LogAssemblyErrors (0ms)
				InitializePlatformSupportModulesInManaged (7ms)
				SetLoadedEditorAssemblies (0ms)
				RefreshPlugins (1ms)
				BeforeProcessingInitializeOnLoad (87ms)
				ProcessInitializeOnLoadAttributes (246ms)
				ProcessInitializeOnLoadMethodAttributes (28ms)
				AfterProcessingInitializeOnLoad (7ms)
				EditorAssembliesLoaded (0ms)
			ExecutionOrderSort2 (0ms)
			AwakeInstancesAfterBackupRestoration (6ms)
Platform modules already initialized, skipping
========================================================================
Worker process is ready to serve import requests
Launched and connected shader compiler UnityShaderCompiler.exe after 0.07 seconds
Refreshing native plugins compatible for Editor in 0.96 ms, found 3 plugins.
Preloading 0 native plugins for Editor in 0.00 ms.
Unloading 3431 Unused Serialized files (Serialized files now loaded: 0)
Unloading 27 unused Assets / (111.3 KB). Loaded Objects now: 3893.
Memory consumption went from 121.4 MB to 121.3 MB.
Total: 4.209400 ms (FindLiveObjects: 0.572600 ms CreateObjectMapping: 0.148900 ms MarkObjects: 3.315600 ms  DeleteObjects: 0.170500 ms)

AssetImportParameters requested are different than current active one (requested -> active):
  custom:video-decoder-ogg-theora: a1e56fd34408186e4bbccfd4996cb3dc -> 
  custom:container-muxer-webm: aa71ff27fc2769a1b78a27578f13a17b -> 
  custom:container-demuxer-webm: 4f35f7cbe854078d1ac9338744f61a02 -> 
  custom:video-encoder-webm-vp8: eb34c28f22e8b96e1ab97ce403110664 -> 
  custom:audio-encoder-webm-vorbis: bf7c407c2cedff20999df2af8eb42d56 -> 
  custom:framework-win-MediaFoundation: 216162199b28c13a410421893ffa2e32 -> 
  custom:container-demuxer-ogg: 62fdf1f143b41e24485cea50d1cbac27 -> 
  custom:video-decoder-webm-vp8: 9c59270c3fd7afecdb556c50c9e8de78 -> 
  custom:audio-decoder-ogg-vorbis: bf7c407c2cedff20999df2af8eb42d56 -> 
========================================================================
Received Import Request.
  Time since last request: 219279.091442 seconds.
  path: Assets/Game/Level_Dont_Touch/Environment_Model/Materials/SecurityRoom/SecurityFloorGlow.mat
  artifactKey: Guid(195f2b6dedee1a2488f5f56a87e95909) Importer(815301076,1909f56bfc062723c751e8b465ee728b)
Start importing Assets/Game/Level_Dont_Touch/Environment_Model/Materials/SecurityRoom/SecurityFloorGlow.mat using Guid(195f2b6dedee1a2488f5f56a87e95909) Importer(815301076,1909f56bfc062723c751e8b465ee728b)  -> (artifact id: '4dbf5bd0e0abda825e2f18a24db2c195') in 0.192145 seconds 
========================================================================
Received Import Request.
  Time since last request: 0.000093 seconds.
  path: Assets/Game/Level_Dont_Touch/Environment_Model/Animations/NPC/CoffeeBotSpawnIdleRest.fbx
  artifactKey: Guid(9b598a6cc027c434b8d1d759d3612738) Importer(815301076,1909f56bfc062723c751e8b465ee728b)
Start importing Assets/Game/Level_Dont_Touch/Environment_Model/Animations/NPC/CoffeeBotSpawnIdleRest.fbx using Guid(9b598a6cc027c434b8d1d759d3612738) Importer(815301076,1909f56bfc062723c751e8b465ee728b)  -> (artifact id: '3c0578f4e0bc5748f7d77a4266b60d3b') in 0.055234 seconds 
========================================================================
Received Import Request.
  Time since last request: 0.000064 seconds.
  path: Assets/Game/Level_Dont_Touch/Environment_Model/Textures/Environment/Market/Fly.png
  artifactKey: Guid(4944c65a03c70b54a9c2b020aaaae283) Importer(815301076,1909f56bfc062723c751e8b465ee728b)
Start importing Assets/Game/Level_Dont_Touch/Environment_Model/Textures/Environment/Market/Fly.png using Guid(4944c65a03c70b54a9c2b020aaaae283) Importer(815301076,1909f56bfc062723c751e8b465ee728b)  -> (artifact id: '748f39d25670a2391645bab7e1fc3b7e') in 0.066581 seconds 
========================================================================
Received Import Request.
  Time since last request: 0.000046 seconds.
  path: Assets/Game/Level_Dont_Touch/Environment_Model/Effects/hit_marker_particle/Materials/ParticleFlameLicks.mat
  artifactKey: Guid(30289309b0c21224ea5b6fcc73b07d59) Importer(815301076,1909f56bfc062723c751e8b465ee728b)
Start importing Assets/Game/Level_Dont_Touch/Environment_Model/Effects/hit_marker_particle/Materials/ParticleFlameLicks.mat using Guid(30289309b0c21224ea5b6fcc73b07d59) Importer(815301076,1909f56bfc062723c751e8b465ee728b)  -> (artifact id: '3416526f62b5dc28cb395f2125ecfbb7') in 0.032669 seconds 
========================================================================
Received Import Request.
  Time since last request: 0.000041 seconds.
  path: Assets/Game/Level_Dont_Touch/Environment_Model/Animations/Player/IdleBlender.fbx
  artifactKey: Guid(dffa50cfe77e0434bbfa71245b3dd529) Importer(815301076,1909f56bfc062723c751e8b465ee728b)
Start importing Assets/Game/Level_Dont_Touch/Environment_Model/Animations/Player/IdleBlender.fbx using Guid(dffa50cfe77e0434bbfa71245b3dd529) Importer(815301076,1909f56bfc062723c751e8b465ee728b)  -> (artifact id: '8a7ad4300bbe74d014d7eb20fe5e3b25') in 0.030611 seconds 
========================================================================
Received Import Request.
  Time since last request: 0.000046 seconds.
  path: Assets/Game/Level_Dont_Touch/Environment_Model/Animations/NPC/FruitVendorIdle.fbx
  artifactKey: Guid(d4e3dafe974b62f42ae5f71dbcee2d39) Importer(815301076,1909f56bfc062723c751e8b465ee728b)
Start importing Assets/Game/Level_Dont_Touch/Environment_Model/Animations/NPC/FruitVendorIdle.fbx using Guid(d4e3dafe974b62f42ae5f71dbcee2d39) Importer(815301076,1909f56bfc062723c751e8b465ee728b)  -> (artifact id: 'c390647a936ea917b27e64d1f36e8a53') in 0.026085 seconds 
========================================================================
Received Import Request.
  Time since last request: 0.000061 seconds.
  path: Assets/Game/Level_Dont_Touch/Environment_Model/Textures/Environment/Market/MarketFloorTileSandAlbedo.tif
  artifactKey: Guid(90d75d244446a9644888b0a0305f81f8) Importer(815301076,1909f56bfc062723c751e8b465ee728b)
Start importing Assets/Game/Level_Dont_Touch/Environment_Model/Textures/Environment/Market/MarketFloorTileSandAlbedo.tif using Guid(90d75d244446a9644888b0a0305f81f8) Importer(815301076,1909f56bfc062723c751e8b465ee728b)  -> (artifact id: '3ef3d8f71c0267571fefe082a04e8942') in 0.036684 seconds 
========================================================================
Received Import Request.
  Time since last request: 0.000048 seconds.
  path: Assets/Game/Level_Dont_Touch/Environment_Model/Sci-Fi Weapons/Base Pack/Rifle/Materials/Rifle_06.mat
  artifactKey: Guid(1abcf29cc0768dd46bb76e6032c58918) Importer(815301076,1909f56bfc062723c751e8b465ee728b)
Start importing Assets/Game/Level_Dont_Touch/Environment_Model/Sci-Fi Weapons/Base Pack/Rifle/Materials/Rifle_06.mat using Guid(1abcf29cc0768dd46bb76e6032c58918) Importer(815301076,1909f56bfc062723c751e8b465ee728b)  -> (artifact id: 'ff490c668c742c28830e50e2935362dc') in 0.150866 seconds 
========================================================================
Received Import Request.
  Time since last request: 0.000077 seconds.
  path: Assets/Game/Level_Dont_Touch/Environment_Model/Animations/NPC/GuardIdle.fbx
  artifactKey: Guid(9188a43929f6dde4e84a96c5b7224c3b) Importer(815301076,1909f56bfc062723c751e8b465ee728b)
Start importing Assets/Game/Level_Dont_Touch/Environment_Model/Animations/NPC/GuardIdle.fbx using Guid(9188a43929f6dde4e84a96c5b7224c3b) Importer(815301076,1909f56bfc062723c751e8b465ee728b)  -> (artifact id: '93f114254b7b64a6038e8a4176efd470') in 0.044308 seconds 
========================================================================
Received Import Request.
  Time since last request: 0.000085 seconds.
  path: Assets/Game/Level_Dont_Touch/Environment_Model/Sci-Fi Weapons/Base Pack/Rifle/Textures/Shared/Rifle_Normal.png
  artifactKey: Guid(b141808e3dd276349a2712a0f57aafeb) Importer(815301076,1909f56bfc062723c751e8b465ee728b)
Start importing Assets/Game/Level_Dont_Touch/Environment_Model/Sci-Fi Weapons/Base Pack/Rifle/Textures/Shared/Rifle_Normal.png using Guid(b141808e3dd276349a2712a0f57aafeb) Importer(815301076,1909f56bfc062723c751e8b465ee728b)  -> (artifact id: '8a35a46eefbb5a4636ce75e78b2e9147') in 0.048827 seconds 
========================================================================
Received Import Request.
  Time since last request: 0.000047 seconds.
  path: Assets/Game/Effects/Muzzle_Flash.prefab
  artifactKey: Guid(90ede6b057f813143905c5709cb9df0a) Importer(815301076,1909f56bfc062723c751e8b465ee728b)
Start importing Assets/Game/Effects/Muzzle_Flash.prefab using Guid(90ede6b057f813143905c5709cb9df0a) Importer(815301076,1909f56bfc062723c751e8b465ee728b)  -> (artifact id: 'f011aa39e22d33c52b0b40753091eabe') in 0.165750 seconds 
========================================================================
Received Import Request.
  Time since last request: 0.000058 seconds.
  path: Assets/Game/Level_Dont_Touch/Environment_Model/Textures/Environment/Market/MarketFloorMetalAlbedo.tif
  artifactKey: Guid(a600502155988e64f9d45b079ad18278) Importer(815301076,1909f56bfc062723c751e8b465ee728b)
Start importing Assets/Game/Level_Dont_Touch/Environment_Model/Textures/Environment/Market/MarketFloorMetalAlbedo.tif using Guid(a600502155988e64f9d45b079ad18278) Importer(815301076,1909f56bfc062723c751e8b465ee728b)  -> (artifact id: '5a10786305a698e464821651c7e43250') in 0.043869 seconds 
========================================================================
Received Import Request.
  Time since last request: 0.000094 seconds.
  path: Assets/Game/Level_Dont_Touch/Environment_Model/Materials/Market/MarketFloorMetal.mat
  artifactKey: Guid(d5c39045660bc764a8ef604888042b5b) Importer(815301076,1909f56bfc062723c751e8b465ee728b)
Start importing Assets/Game/Level_Dont_Touch/Environment_Model/Materials/Market/MarketFloorMetal.mat using Guid(d5c39045660bc764a8ef604888042b5b) Importer(815301076,1909f56bfc062723c751e8b465ee728b)  -> (artifact id: '44b78e0fb38c70f5f553858ed76219fe') in 0.031609 seconds 
========================================================================
Received Import Request.
  Time since last request: 0.000032 seconds.
  path: Assets/Game/Level_Dont_Touch/Environment_Model/Materials/SecurityRoom/SecurityRoomFloorLight.mat
  artifactKey: Guid(05230aa6fed8282418e8584cd0ab0906) Importer(815301076,1909f56bfc062723c751e8b465ee728b)
Start importing Assets/Game/Level_Dont_Touch/Environment_Model/Materials/SecurityRoom/SecurityRoomFloorLight.mat using Guid(05230aa6fed8282418e8584cd0ab0906) Importer(815301076,1909f56bfc062723c751e8b465ee728b)  -> (artifact id: '5eb60690b144757bbc10a67a74df29e4') in 0.026045 seconds 
Editor requested this worker to shutdown with reason: Scaling down because of idle timeout
AssetImportWorker is now disconnected from the server
Process exiting
Exiting without the bug reporter. Application will terminate with return code 0